<?xml version="1.0" encoding="UTF-8"?>
<testng-results skipped="0" failed="0" ignored="0" total="1" passed="1">
  <reporter-output>
  </reporter-output>
  <suite name="Default suite" duration-ms="88" started-at="2021-01-13T21:49:31 EST" finished-at="2021-01-13T21:49:31 EST">
    <groups>
    </groups>
    <test name="Default test" duration-ms="88" started-at="2021-01-13T21:49:31 EST" finished-at="2021-01-13T21:49:31 EST">
      <class name="demo.Log4JDemo">
        <test-method status="PASS" signature="testOne()[pri:0, instance:demo.Log4JDemo@68e5eea7]" name="testOne" duration-ms="22" started-at="2021-01-13T21:49:31 EST" finished-at="2021-01-13T21:49:31 EST">
          <reporter-output>
          </reporter-output>
        </test-method> <!-- testOne -->
      </class> <!-- demo.Log4JDemo -->
    </test> <!-- Default test -->
  </suite> <!-- Default suite -->
</testng-results>
