<?xml version="1.0" encoding="UTF-8"?>
<!-- Generated by org.testng.reporters.JUnitXMLReporter -->
<testsuite hostname="Mds-MacBook-Air-2.local" ignored="0" name="Default test" tests="3" failures="0" timestamp="2021-01-17T15:21:23 EST" time="1.358" errors="0">
  <testcase name="testDAta" time="0.01" classname="testdataprovider.TestDataprovider"/>
  <testcase name="testDAta" time="0.002" classname="testdataprovider.TestDataprovider"/>
  <testcase name="testDAta" time="0.002" classname="testdataprovider.TestDataprovider"/>
</testsuite> <!-- Default test -->
